C:\USERS\LAVENDERAZURA\GOOGLE DRIVE\CLASSES FA14\CSCI120\PROJECT\DRAWINGFA14\DEBUG\WXTEMPLATE.EXE
C:\USERS\LAVENDERAZURA\GOOGLE DRIVE\CLASSES FA14\CSCI120\PROJECT\DRAWINGFA14\DEBUG\WXTEMPLATE.ILK
C:\USERS\LAVENDERAZURA\GOOGLE DRIVE\CLASSES FA14\CSCI120\PROJECT\DRAWINGFA14\DEBUG\WXTEMPLATE.PDB
C:\Users\lavenderazura\Google Drive\classes fa14\CSCI120\project\DrawingFa14\wxtemplate\Debug\cl.command.1.tlog
C:\Users\lavenderazura\Google Drive\classes fa14\CSCI120\project\DrawingFa14\wxtemplate\Debug\CL.read.1.tlog
C:\Users\lavenderazura\Google Drive\classes fa14\CSCI120\project\DrawingFa14\wxtemplate\Debug\CL.write.1.tlog
C:\USERS\LAVENDERAZURA\GOOGLE DRIVE\CLASSES FA14\CSCI120\PROJECT\DRAWINGFA14\WXTEMPLATE\DEBUG\DRAWINGFRAME.OBJ
C:\USERS\LAVENDERAZURA\GOOGLE DRIVE\CLASSES FA14\CSCI120\PROJECT\DRAWINGFA14\WXTEMPLATE\DEBUG\DRAWINGWINDOW.OBJ
C:\USERS\LAVENDERAZURA\GOOGLE DRIVE\CLASSES FA14\CSCI120\PROJECT\DRAWINGFA14\WXTEMPLATE\DEBUG\LINE.OBJ
C:\Users\lavenderazura\Google Drive\classes fa14\CSCI120\project\DrawingFa14\wxtemplate\Debug\link.command.1.tlog
C:\Users\lavenderazura\Google Drive\classes fa14\CSCI120\project\DrawingFa14\wxtemplate\Debug\link.read.1.tlog
C:\Users\lavenderazura\Google Drive\classes fa14\CSCI120\project\DrawingFa14\wxtemplate\Debug\link.write.1.tlog
C:\USERS\LAVENDERAZURA\GOOGLE DRIVE\CLASSES FA14\CSCI120\PROJECT\DRAWINGFA14\WXTEMPLATE\DEBUG\MAIN.OBJ
C:\Users\lavenderazura\Google Drive\classes fa14\CSCI120\project\DrawingFa14\wxtemplate\Debug\mt.command.1.tlog
C:\Users\lavenderazura\Google Drive\classes fa14\CSCI120\project\DrawingFa14\wxtemplate\Debug\mt.read.1.tlog
C:\Users\lavenderazura\Google Drive\classes fa14\CSCI120\project\DrawingFa14\wxtemplate\Debug\mt.write.1.tlog
C:\Users\lavenderazura\Google Drive\classes fa14\CSCI120\project\DrawingFa14\wxtemplate\Debug\vc100.idb
C:\USERS\LAVENDERAZURA\GOOGLE DRIVE\CLASSES FA14\CSCI120\PROJECT\DRAWINGFA14\WXTEMPLATE\DEBUG\VC100.PDB
C:\USERS\LAVENDERAZURA\GOOGLE DRIVE\CLASSES FA14\CSCI120\PROJECT\DRAWINGFA14\WXTEMPLATE\DEBUG\WXTEMPLATE.EXE.INTERMEDIATE.MANIFEST
C:\Users\lavenderazura\Google Drive\classes fa14\CSCI120\project\DrawingFa14\wxtemplate\Debug\wxtemplate.write.1.tlog
